<?xml version="1.0" encoding="UTF-8"?>
<!-- Generated by org.testng.reporters.JUnitReportReporter -->
<testsuite hostname="LAPTOP-FATP5U09" failures="0" tests="1" name="org.qspider.product.CreateProduct" time="25.735" errors="0" timestamp="2024-12-19T08:39:48 IST" skipped="0">
  <testcase classname="org.qspider.product.CreateProduct" name="createProduct" time="25.735"/>
</testsuite> <!-- org.qspider.product.CreateProduct -->
