<?xml version="1.0" encoding="UTF-8"?>
<!-- Generated by org.testng.reporters.JUnitReportReporter -->
<testsuite hostname="LAPTOP-FATP5U09" failures="0" tests="1" name="org.qspider.product.CreateDeleteProductTest" time="52.082" errors="0" timestamp="2024-12-25T08:21:45 IST" skipped="0">
  <testcase classname="org.qspider.product.CreateDeleteProductTest" name="createDeleteProductTest" time="52.082"/>
</testsuite> <!-- org.qspider.product.CreateDeleteProductTest -->
