<?xml version="1.0" encoding="UTF-8"?>
<!-- Generated by org.testng.reporters.JUnitReportReporter -->
<testsuite hostname="LAPTOP-FATP5U09" failures="0" tests="1" name="org.qspiders.organization.CampProdComb" time="49.524" errors="0" timestamp="2024-12-19T08:32:34 IST" skipped="0">
  <testcase classname="org.qspiders.organization.CampProdComb" name="CampProdComb" time="49.524"/>
</testsuite> <!-- org.qspiders.organization.CampProdComb -->
