<?xml version="1.0" encoding="UTF-8"?>
<!-- Generated by org.testng.reporters.JUnitReportReporter -->
<testsuite hostname="LAPTOP-FATP5U09" failures="0" tests="1" name="org.qspiders.contact.CreateContactTest" time="40.638" errors="0" timestamp="2024-12-28T07:20:46 IST" skipped="0">
  <testcase classname="org.qspiders.contact.CreateContactTest" name="createContactTest" time="40.638"/>
</testsuite> <!-- org.qspiders.contact.CreateContactTest -->
