<?xml version="1.0" encoding="UTF-8"?>
<!-- Generated by org.testng.reporters.JUnitReportReporter -->
<testsuite hostname="LAPTOP-FATP5U09" failures="0" tests="1" name="org.qspiders.contact.CreateContactWithOrganizationTest" time="64.050" errors="0" timestamp="2024-12-20T08:08:26 IST" skipped="0">
  <testcase classname="org.qspiders.contact.CreateContactWithOrganizationTest" name="createContactWithOrganizationTest" time="64.050"/>
</testsuite> <!-- org.qspiders.contact.CreateContactWithOrganizationTest -->
