<?xml version="1.0" encoding="UTF-8"?>
<!-- Generated by org.testng.reporters.JUnitReportReporter -->
<testsuite hostname="LAPTOP-FATP5U09" failures="0" tests="3" name="org.qspiders.testng.DataProviderEx3" time="0.007" errors="0" timestamp="2024-12-18T08:22:21 IST" skipped="0">
  <testcase classname="org.qspiders.testng.DataProviderEx3" name="bookTickets" time="0.005"/>
  <testcase classname="org.qspiders.testng.DataProviderEx3" name="bookTickets" time="0.001"/>
  <testcase classname="org.qspiders.testng.DataProviderEx3" name="bookTickets" time="0.001"/>
</testsuite> <!-- org.qspiders.testng.DataProviderEx3 -->
