<?xml version="1.0" encoding="UTF-8"?>
<!-- Generated by org.testng.reporters.JUnitReportReporter -->
<testsuite hostname="LAPTOP-FATP5U09" failures="0" tests="1" name="org.qspiders.organization.CampProdCombTest" time="45.370" errors="0" timestamp="2024-12-31T09:02:16 IST" skipped="0">
  <testcase classname="org.qspiders.organization.CampProdCombTest" name="campProdCombTest" time="45.370"/>
</testsuite> <!-- org.qspiders.organization.CampProdCombTest -->
