<?xml version="1.0" encoding="UTF-8"?>
<!-- Generated by org.testng.reporters.JUnitReportReporter -->
<testsuite hostname="LAPTOP-FATP5U09" failures="0" tests="4" name="org.qspiders.testng.DataProviderEx5" time="101.910" errors="0" timestamp="2024-12-19T07:40:05 IST" skipped="0">
  <testcase classname="org.qspiders.testng.DataProviderEx5" name="createOrganization" time="26.165"/>
  <testcase classname="org.qspiders.testng.DataProviderEx5" name="createOrganization" time="24.947"/>
  <testcase classname="org.qspiders.testng.DataProviderEx5" name="createOrganization" time="25.518"/>
  <testcase classname="org.qspiders.testng.DataProviderEx5" name="createOrganization" time="25.280"/>
</testsuite> <!-- org.qspiders.testng.DataProviderEx5 -->
