<?xml version="1.0" encoding="UTF-8"?>
<!-- Generated by org.testng.reporters.JUnitReportReporter -->
<testsuite hostname="LAPTOP-FATP5U09" failures="0" tests="2" name="org.qspiders.testng.DataProviderEx1" time="0.008" errors="0" timestamp="2024-12-18T08:03:32 IST" skipped="0">
  <testcase classname="org.qspiders.testng.DataProviderEx1" name="bookTickets" time="0.008"/>
  <testcase classname="org.qspiders.testng.DataProviderEx1" name="bookTickets" time="0.000"/>
</testsuite> <!-- org.qspiders.testng.DataProviderEx1 -->
