<?xml version="1.0" encoding="UTF-8"?>
<!-- Generated by org.testng.reporters.JUnitReportReporter -->
<testsuite hostname="LAPTOP-FATP5U09" failures="0" tests="5" name="org.qspiders.testng.SampleTest" time="0.017" errors="0" timestamp="2024-12-18T07:38:42 IST" skipped="0">
  <testcase classname="org.qspiders.testng.SampleTest" name="CreateContact" time="0.009"/>
  <testcase classname="org.qspiders.testng.SampleTest" name="CreateContact" time="0.001"/>
  <testcase classname="org.qspiders.testng.SampleTest" name="modifyContact" time="0.002"/>
  <testcase classname="org.qspiders.testng.SampleTest" name="deleteContact" time="0.004"/>
  <testcase classname="org.qspiders.testng.SampleTest" name="CreateContact" time="0.001"/>
</testsuite> <!-- org.qspiders.testng.SampleTest -->
