<?xml version="1.0" encoding="UTF-8"?>
<!-- Generated by org.testng.reporters.JUnitReportReporter -->
<testsuite hostname="LAPTOP-FATP5U09" failures="0" tests="1" name="org.qspiders.organization.CreateOrganizationTest" time="19.949" errors="0" timestamp="2024-12-31T09:07:17 IST" skipped="0">
  <testcase classname="org.qspiders.organization.CreateOrganizationTest" name="createOrganizationTest" time="19.949"/>
</testsuite> <!-- org.qspiders.organization.CreateOrganizationTest -->
