<?xml version="1.0" encoding="UTF-8"?>
<!-- Generated by org.testng.reporters.JUnitReportReporter -->
<testsuite hostname="LAPTOP-FATP5U09" failures="0" tests="2" name="org.qspiders.organization.CreateCampaignTest" time="27.715" errors="0" timestamp="2024-12-31T09:07:17 IST" skipped="0">
  <testcase classname="org.qspiders.organization.CreateCampaignTest" name="execute" time="4.299"/>
  <testcase classname="org.qspiders.organization.CreateCampaignTest" name="createCampaignTest" time="23.416"/>
</testsuite> <!-- org.qspiders.organization.CreateCampaignTest -->
