<?xml version="1.0" encoding="UTF-8"?>
<!-- Generated by org.testng.reporters.JUnitReportReporter -->
<testsuite hostname="LAPTOP-FATP5U09" failures="0" tests="1" name="org.qspiders.organization.CreateOrganization" time="23.915" errors="0" timestamp="2024-12-19T08:38:48 IST" skipped="0">
  <testcase classname="org.qspiders.organization.CreateOrganization" name="createOrganization" time="23.915"/>
</testsuite> <!-- org.qspiders.organization.CreateOrganization -->
