<?xml version="1.0" encoding="UTF-8"?>
<!-- Generated by org.testng.reporters.JUnitReportReporter -->
<testsuite hostname="LAPTOP-FATP5U09" failures="0" tests="3" name="org.qspiders.testng.DataProviderEx2" time="0.010" errors="0" timestamp="2024-12-18T08:07:41 IST" skipped="0">
  <testcase classname="org.qspiders.testng.DataProviderEx2" name="bookTickets" time="0.006"/>
  <testcase classname="org.qspiders.testng.DataProviderEx2" name="bookTickets" time="0.002"/>
  <testcase classname="org.qspiders.testng.DataProviderEx2" name="bookTickets" time="0.002"/>
</testsuite> <!-- org.qspiders.testng.DataProviderEx2 -->
